{"timestamp":"2026-03-31T23:27:01.921130Z","level":"info","event":"DAG bundles loaded: dags-folder, example_dags","logger":"airflow.dag_processing.bundles.manager.DagBundlesManager","filename":"manager.py","lineno":179}
{"timestamp":"2026-03-31T23:27:01.923421Z","level":"info","event":"Filling up the DagBag from /opt/airflow/dags/daily_logistics_pipeline.py","logger":"airflow.models.dagbag.DagBag","filename":"dagbag.py","lineno":593}
{"timestamp":"2026-03-31T23:27:01.958932Z","level":"warning","event":"The `airflow.operators.python.PythonOperator` attribute is deprecated. Please use `'airflow.providers.standard.operators.python.PythonOperator'`.","category":"DeprecatedImportWarning","filename":"/opt/airflow/dags/daily_logistics_pipeline.py","lineno":573,"logger":"py.warnings"}
{"timestamp":"2026-03-31T23:27:02.024244Z","level":"info","event":"Task instance is in running state","logger":"task.stdout"}
{"timestamp":"2026-03-31T23:27:02.025562Z","level":"info","event":" Previous state of the Task instance: TaskInstanceState.QUEUED","logger":"task.stdout"}
{"timestamp":"2026-03-31T23:27:02.026452Z","level":"info","event":"Current task name:send_summary","logger":"task.stdout"}
{"timestamp":"2026-03-31T23:27:02.027211Z","level":"info","event":"Dag name:daily_logistics_pipeline","logger":"task.stdout"}
{"timestamp":"2026-03-31T23:27:02.028343Z","level":"info","event":"Generating execution summary...","logger":"task.stdout"}
{"timestamp":"2026-03-31T23:27:02.153268Z","level":"info","event":"----- PIPELINE SUMMARY -----","logger":"task.stdout"}
{"timestamp":"2026-03-31T23:27:02.154565Z","level":"info","event":"Total rows: 500","logger":"task.stdout"}
{"timestamp":"2026-03-31T23:27:02.156583Z","level":"info","event":"Invalid rows: 0","logger":"task.stdout"}
{"timestamp":"2026-03-31T23:27:02.157729Z","level":"info","event":"Data quality: 100.00%","logger":"task.stdout"}
{"timestamp":"2026-03-31T23:27:02.158878Z","level":"info","event":"On-time delivery rate: 0.1","logger":"task.stdout"}
{"timestamp":"2026-03-31T23:27:02.160237Z","level":"info","event":"Total alerts: 171","logger":"task.stdout"}
{"timestamp":"2026-03-31T23:27:02.161454Z","level":"info","event":"Most risky route: R008 (Luxembourg → Nancy)","logger":"task.stdout"}
{"timestamp":"2026-03-31T23:27:02.162796Z","level":"info","event":"----------------------------","logger":"task.stdout"}
{"timestamp":"2026-03-31T23:27:02.153478Z","level":"info","event":"Done. Returned value was: None","logger":"airflow.task.operators.airflow.providers.standard.operators.python.PythonOperator","filename":"python.py","lineno":217}
{"timestamp":"2026-03-31T23:27:02.195987Z","level":"info","event":"Task instance in success state","logger":"task.stdout"}
{"timestamp":"2026-03-31T23:27:02.197105Z","level":"info","event":" Previous state of the Task instance: TaskInstanceState.RUNNING","logger":"task.stdout"}
{"timestamp":"2026-03-31T23:27:02.198071Z","level":"info","event":"Task operator:<Task(PythonOperator): send_summary>","logger":"task.stdout"}
